<?xml version="1.0" encoding="UTF-8"?>
<testsuite name="com.cg.hashtable.HashTableTest" tests="1" skipped="0" failures="0" errors="0" timestamp="2020-10-17T14:10:31" hostname="LAPTOP-OULI8K5P" time="0.001">
  <properties/>
  <testcase name="givenNodes_whenInitialize_shouldReturnBinarySearchTree" classname="com.cg.hashtable.HashTableTest" time="0.001"/>
  <system-out><![CDATA[]]></system-out>
  <system-err><![CDATA[]]></system-err>
</testsuite>
